3.3
3.3
3.2
3.1
3.3
3.1
3
3.1
3.2
3
3.1
2.3
3.1
1.9
2.6
3.1
2.9
1.1
3.3
3.1
2.5
1.8
3.2
3
3.1
2.7
3.2
3.1
2.4
3.2
3.3
1.9
1.8
3.3
3.1
3.1
1.6
3.1
3.2
2.6
3.1
3.2
1.4
2.8
3
3.2
3.2
3.1
3.2
2.9
3.2
3.2
2.8
3.1
2.9
3.1
3.1
3.1
2.9
3.1
3.1
2.6
3.1
3
3.1
3.1
3.1
2.7
3.1
3.2
2.6
3.2
1.8
2.8
3.1
3.2
3.1
1.4
2.2
3.2
3
3.1
3
3.3
3
3.2
3.1
3.2
3.2
3
3.1
3.3
3.1
3.1
3.1
3.1
3.1
3
3.2
3
3.2
3.1
3.1
3
3.3
3
3.1
3.1
3.1
3
3.1
3
3.3
3.3
3
3.1
3.1
3.1
3.1
3.1
3.2
3.1
3
3.1
3.2
3.2
3
3.2
3
3.2
3.1
3.1
3
3.2
3
3.2
3.1
3.1
3.1
3
3.2
3.2
3
3
3.1
3.2
3.1
3
3.1
3.1
3.2
3
3
3.1
3.2
3
3.1
3.1
3.2
3.1
3.1
3.2
3.1
3.1
3
3.2
3.1
3.1
3.1
3.1
3.1
3.1
3
3.1
3.2
3.1
3
3.1
3
3.3
3.1
3
3.3
3.1
3.1
3.1
3
3.2
3.1
2.5
0.8
0.8
0.8
0.8
0.8
0.9
0.8
0.8
0.8
0.8
0.9
0.8
0.8
0.5
