WARNING: --max-time is deprecated, use --time instead
sysbench 1.0.19 (using bundled LuaJIT 2.1.0-beta2)

Running the test with following options:
Number of threads: 1
Initializing random number generator from current time

Forcing shutdown in 600 seconds

Prime numbers limit: 2000000000

Initializing worker threads...

Threads started!

FATAL: The --max-time limit has expired, forcing shutdown...
CPU speed:
    events per second:     0.00

Number of unfinished transactions on forced shutdown: 1

General statistics:
    total time:                          600.0002s
    total number of events:              0

Latency (ms):
         min:                                    0.00
         avg:                                    0.00
         max:                                    0.00
         95th percentile:                        0.00
         sum:                                    0.00

Threads fairness:
    events (avg/stddev):           1.0000/0.00
    execution time (avg/stddev):   0.0000/600.00

