        User-defined string

Warning: incorrect parameter Data alignment value (in Kbytes) (64),
must be not bigger than (64),
set to default value (64).
Current date/time: Tue Dec  3 03:10:47 2019

CPU frequency:    3.690 GHz
Number of CPUs: 2
Number of cores: 32
Number of threads: 64

Parameters are set to:

Number of tests                             : 1
Number of equations to solve (problem size) : 5000 
Leading dimension of array                  : 10000
Number of trials to run                     : 100  
Data alignment value (in Kbytes)            : 64   

Maximum memory requested that can be used = 400265536, at the size = 5000

============= Timing linear equation system solver =================

Size   LDA    Align. Time(s)    GFlops   Residual     Residual(norm)
5000   10000  64     0.363      229.9543 2.363876e-11 3.296235e-02
5000   10000  64     0.402      207.3031 2.363876e-11 3.296235e-02
5000   10000  64     0.392      212.7805 2.363876e-11 3.296235e-02
5000   10000  64     0.378      220.7721 2.363876e-11 3.296235e-02
5000   10000  64     0.397      210.0086 2.363876e-11 3.296235e-02
5000   10000  64     0.301      277.2786 2.363876e-11 3.296235e-02
5000   10000  64     0.409      203.7816 2.363876e-11 3.296235e-02
5000   10000  64     0.402      207.3430 2.363876e-11 3.296235e-02
5000   10000  64     0.402      207.3702 2.363876e-11 3.296235e-02
5000   10000  64     0.408      204.5422 2.363876e-11 3.296235e-02
5000   10000  64     0.405      205.7367 2.363876e-11 3.296235e-02
5000   10000  64     0.409      203.9753 2.363876e-11 3.296235e-02
5000   10000  64     0.405      205.9986 2.363876e-11 3.296235e-02
5000   10000  64     0.410      203.1805 2.363876e-11 3.296235e-02
5000   10000  64     0.401      207.9367 2.363876e-11 3.296235e-02
5000   10000  64     0.402      207.2711 2.363876e-11 3.296235e-02
5000   10000  64     0.401      208.1080 2.363876e-11 3.296235e-02
5000   10000  64     0.403      206.9810 2.363876e-11 3.296235e-02
5000   10000  64     0.407      204.9905 2.363876e-11 3.296235e-02
5000   10000  64     0.318      262.3913 2.363876e-11 3.296235e-02
5000   10000  64     0.411      202.9087 2.363876e-11 3.296235e-02
5000   10000  64     0.409      203.7381 2.363876e-11 3.296235e-02
5000   10000  64     0.406      205.2435 2.363876e-11 3.296235e-02
5000   10000  64     0.404      206.5097 2.363876e-11 3.296235e-02
5000   10000  64     0.407      204.8876 2.363876e-11 3.296235e-02
5000   10000  64     0.363      229.4171 2.363876e-11 3.296235e-02
5000   10000  64     0.407      205.0718 2.363876e-11 3.296235e-02
5000   10000  64     0.407      205.0035 2.363876e-11 3.296235e-02
5000   10000  64     0.407      204.7727 2.363876e-11 3.296235e-02
5000   10000  64     0.408      204.1875 2.363876e-11 3.296235e-02
5000   10000  64     0.409      203.9999 2.363876e-11 3.296235e-02
5000   10000  64     0.405      205.8604 2.363876e-11 3.296235e-02
5000   10000  64     0.402      207.1863 2.363876e-11 3.296235e-02
5000   10000  64     0.398      209.2962 2.363876e-11 3.296235e-02
5000   10000  64     0.410      203.3516 2.363876e-11 3.296235e-02
5000   10000  64     0.400      208.6768 2.363876e-11 3.296235e-02
5000   10000  64     0.405      205.7021 2.363876e-11 3.296235e-02
5000   10000  64     0.403      206.6732 2.363876e-11 3.296235e-02
5000   10000  64     0.408      204.4688 2.363876e-11 3.296235e-02
5000   10000  64     0.401      207.8798 2.363876e-11 3.296235e-02
5000   10000  64     0.407      205.1234 2.363876e-11 3.296235e-02
5000   10000  64     0.405      206.0189 2.363876e-11 3.296235e-02
5000   10000  64     0.408      204.2087 2.363876e-11 3.296235e-02
5000   10000  64     0.407      204.9248 2.363876e-11 3.296235e-02
5000   10000  64     0.401      207.8767 2.363876e-11 3.296235e-02
5000   10000  64     0.403      206.7422 2.363876e-11 3.296235e-02
5000   10000  64     0.409      203.7054 2.363876e-11 3.296235e-02
5000   10000  64     0.407      204.6702 2.363876e-11 3.296235e-02
5000   10000  64     0.405      205.9461 2.363876e-11 3.296235e-02
5000   10000  64     0.406      205.5047 2.363876e-11 3.296235e-02
5000   10000  64     0.402      207.4769 2.363876e-11 3.296235e-02
5000   10000  64     0.408      204.6142 2.363876e-11 3.296235e-02
5000   10000  64     0.405      205.7142 2.363876e-11 3.296235e-02
5000   10000  64     0.408      204.5950 2.363876e-11 3.296235e-02
5000   10000  64     0.402      207.3835 2.363876e-11 3.296235e-02
5000   10000  64     0.407      204.9787 2.363876e-11 3.296235e-02
5000   10000  64     0.406      205.5476 2.363876e-11 3.296235e-02
5000   10000  64     0.400      208.3910 2.363876e-11 3.296235e-02
5000   10000  64     0.350      238.0702 2.363876e-11 3.296235e-02
5000   10000  64     0.388      214.9398 2.363876e-11 3.296235e-02
5000   10000  64     0.395      211.1948 2.363876e-11 3.296235e-02
5000   10000  64     0.392      212.9400 2.363876e-11 3.296235e-02
5000   10000  64     0.408      204.5781 2.363876e-11 3.296235e-02
5000   10000  64     0.316      264.0009 2.363876e-11 3.296235e-02
5000   10000  64     0.287      290.8566 2.363876e-11 3.296235e-02
5000   10000  64     0.371      225.0057 2.363876e-11 3.296235e-02
5000   10000  64     0.286      291.5917 2.363876e-11 3.296235e-02
5000   10000  64     0.292      285.5330 2.363876e-11 3.296235e-02
5000   10000  64     0.409      204.0851 2.363876e-11 3.296235e-02
5000   10000  64     0.404      206.4808 2.363876e-11 3.296235e-02
5000   10000  64     0.387      215.2993 2.363876e-11 3.296235e-02
5000   10000  64     0.293      284.3499 2.363876e-11 3.296235e-02
5000   10000  64     0.407      205.0359 2.363876e-11 3.296235e-02
5000   10000  64     0.385      216.8523 2.363876e-11 3.296235e-02
5000   10000  64     0.394      211.8955 2.363876e-11 3.296235e-02
5000   10000  64     0.405      205.8730 2.363876e-11 3.296235e-02
5000   10000  64     0.394      211.8304 2.363876e-11 3.296235e-02
5000   10000  64     0.410      203.3235 2.363876e-11 3.296235e-02
5000   10000  64     0.389      214.6220 2.363876e-11 3.296235e-02
5000   10000  64     0.297      280.3938 2.363876e-11 3.296235e-02
5000   10000  64     0.403      206.7997 2.363876e-11 3.296235e-02
5000   10000  64     0.403      206.8451 2.363876e-11 3.296235e-02
5000   10000  64     0.391      213.2258 2.363876e-11 3.296235e-02
5000   10000  64     0.405      205.9515 2.363876e-11 3.296235e-02
5000   10000  64     0.392      212.8553 2.363876e-11 3.296235e-02
5000   10000  64     0.393      212.0494 2.363876e-11 3.296235e-02
5000   10000  64     0.388      214.6479 2.363876e-11 3.296235e-02
5000   10000  64     0.408      204.4597 2.363876e-11 3.296235e-02
5000   10000  64     0.296      281.8018 2.363876e-11 3.296235e-02
5000   10000  64     0.309      269.8105 2.363876e-11 3.296235e-02
5000   10000  64     0.406      205.5651 2.363876e-11 3.296235e-02
5000   10000  64     0.390      214.0162 2.363876e-11 3.296235e-02
5000   10000  64     0.404      206.4806 2.363876e-11 3.296235e-02
5000   10000  64     0.390      213.9459 2.363876e-11 3.296235e-02
5000   10000  64     0.385      216.4686 2.363876e-11 3.296235e-02
5000   10000  64     0.404      206.2836 2.363876e-11 3.296235e-02
5000   10000  64     0.407      204.9938 2.363876e-11 3.296235e-02
5000   10000  64     0.394      211.7780 2.363876e-11 3.296235e-02
5000   10000  64     0.301      277.0827 2.363876e-11 3.296235e-02
5000   10000  64     0.408      204.2341 2.363876e-11 3.296235e-02

Performance Summary (GFlops)

Size   LDA    Align.  Average  Maximal
5000   10000  64      216.2401 291.5917

End of tests

